<?xml version="1.0" encoding="UTF-8"?>
<!-- Generated by org.testng.reporters.JUnitXMLReporter -->
<testsuite hostname="Ashish-Dell-Laptop" name="Information icon for Current Age and KiwiSaver Retirement Projected Balance" tests="2" failures="0" timestamp="5 Feb 2021 01:09:47 GMT" time="74.553" errors="0">
  <testcase name="feature" time="18.24" classname="cucumberOptions.TestRunner"/>
  <testcase name="feature" time="55.491" classname="cucumberOptions.TestRunner"/>
</testsuite> <!-- Information icon for Current Age and KiwiSaver Retirement Projected Balance -->
