<?xml version="1.0" encoding="UTF-8"?>
<!-- Generated by org.testng.reporters.JUnitXMLReporter -->
<testsuite hostname="Ashish-Dell-Laptop" name="Information icons for all fields in the KiwiSaver Retirement Calculator Page Validation" tests="1" failures="0" timestamp="4 Feb 2021 03:32:56 GMT" time="15.329" errors="0">
  <testcase name="ValidationCurrConversionPage" time="12.896" classname="westpac.ValidatingKiwiSaverRetirementCalcPage"/>
</testsuite> <!-- Information icons for all fields in the KiwiSaver Retirement Calculator Page Validation -->
