<?xml version="1.0" encoding="UTF-8"?>
<!-- Generated by org.testng.reporters.JUnitXMLReporter -->
<testsuite hostname="Ashish-Dell-Laptop" name="Information icon for Current Age Field is displayed with details" tests="2" failures="0" timestamp="4 Feb 2021 23:44:22 GMT" time="69.526" errors="0">
  <testcase name="feature" time="16.563" classname="cucumberOptions.TestRunner"/>
  <testcase name="feature" time="52.309" classname="cucumberOptions.TestRunner"/>
</testsuite> <!-- Information icon for Current Age Field is displayed with details -->
