<?xml version="1.0" encoding="UTF-8"?>
<!-- Generated by org.testng.reporters.JUnitXMLReporter -->
<testsuite hostname="Ashish-Dell-Laptop" name="KiwiSaver Retirement Projected Balance Validation" tests="3" failures="0" timestamp="4 Feb 2021 03:33:25 GMT" time="28.647" errors="0">
  <testcase name="KiwiSaverProjBalPage" time="11.346" classname="westpac.ValidatingKiwiSaverProjectedBal"/>
  <testcase name="ValidateKiwiSaverProjBalPage" time="7.823" classname="westpac.ValidatingKiwiSaverProjectedBal"/>
  <testcase name="ValidateKiwiSaverProjBalPage" time="7.478" classname="westpac.ValidatingKiwiSaverProjectedBal"/>
</testsuite> <!-- KiwiSaver Retirement Projected Balance Validation -->
