<?xml version="1.0" encoding="UTF-8"?>
<!-- Generated by org.testng.reporters.JUnitXMLReporter -->
<testsuite hostname="Ashish-Dell-Laptop" name="Information icon for Current Age and KiwiSaver Retirement Projected Balance" tests="2" failures="0" timestamp="5 Feb 2021 07:46:51 GMT" time="61.229" errors="0">
  <testcase name="feature" time="15.802" classname="cucumberOptions.TestRunner"/>
  <testcase name="feature" time="44.893" classname="cucumberOptions.TestRunner"/>
</testsuite> <!-- Information icon for Current Age and KiwiSaver Retirement Projected Balance -->
