<?xml version="1.0" encoding="UTF-8"?>
<!-- Generated by org.testng.reporters.JUnitXMLReporter -->
<testsuite hostname="Ashish-Dell-Laptop" name="Information icons for all fields in the KiwiSaver Retirement Calculator Page Validation" tests="1" failures="0" timestamp="5 Feb 2021 01:05:39 GMT" time="20.484" errors="0">
  <testcase name="ValidationCurrConversionPage" time="15.967" classname="westpac.ValidatingKiwiSaverRetirementCalcPage"/>
</testsuite> <!-- Information icons for all fields in the KiwiSaver Retirement Calculator Page Validation -->
