<?xml version="1.0" encoding="UTF-8"?>
<!-- Generated by org.testng.reporters.JUnitXMLReporter -->
<testsuite hostname="Ashish-Dell-Laptop" name="KiwiSaver Retirement Projected Balance Validation" tests="3" failures="0" timestamp="5 Feb 2021 01:06:19 GMT" time="39.317" errors="0">
  <testcase name="KiwiSaverProjBalPage" time="16.981" classname="westpac.ValidatingKiwiSaverProjectedBal"/>
  <testcase name="ValidateKiwiSaverProjBalPage" time="10.328" classname="westpac.ValidatingKiwiSaverProjectedBal"/>
  <testcase name="ValidateKiwiSaverProjBalPage" time="9.103" classname="westpac.ValidatingKiwiSaverProjectedBal"/>
</testsuite> <!-- KiwiSaver Retirement Projected Balance Validation -->
