<?xml version="1.0" encoding="UTF-8"?>
<testng-results skipped="0" failed="0" total="2" passed="2">
  <reporter-output>
  </reporter-output>
  <suite name="Westpac Automation TestSuite" duration-ms="74553" started-at="2021-02-05T01:08:32Z" finished-at="2021-02-05T01:09:47Z">
    <groups>
      <group name="cucumber">
        <method signature="AbstractTestNGCucumberTests.feature(cucumber.api.testng.CucumberFeatureWrapper)[pri:0, instance:cucumberOptions.TestRunner@5d20e46]" name="feature" class="cucumber.api.testng.AbstractTestNGCucumberTests"/>
      </group> <!-- cucumber -->
    </groups>
    <test name="Information icon for Current Age and KiwiSaver Retirement Projected Balance" duration-ms="74553" started-at="2021-02-05T01:08:32Z" finished-at="2021-02-05T01:09:47Z">
      <class name="cucumberOptions.TestRunner">
        <test-method status="PASS" signature="setUpClass()[pri:0, instance:cucumberOptions.TestRunner@5d20e46]" name="setUpClass" is-config="true" duration-ms="600" started-at="2021-02-05T14:08:32Z" finished-at="2021-02-05T14:08:33Z">
          <reporter-output>
          </reporter-output>
        </test-method> <!-- setUpClass -->
        <test-method status="PASS" signature="feature(cucumber.api.testng.CucumberFeatureWrapper)[pri:0, instance:cucumberOptions.TestRunner@5d20e46]" name="feature" duration-ms="18240" started-at="2021-02-05T14:08:33Z" description="Runs Cucumber Feature" data-provider="features" finished-at="2021-02-05T14:08:51Z">
          <params>
            <param index="0">
              <value>
                <![CDATA[KiwiSaver Retirement Calculator fields information icon]]>
              </value>
            </param>
          </params>
          <reporter-output>
          </reporter-output>
        </test-method> <!-- feature -->
        <test-method status="PASS" signature="feature(cucumber.api.testng.CucumberFeatureWrapper)[pri:0, instance:cucumberOptions.TestRunner@5d20e46]" name="feature" duration-ms="55491" started-at="2021-02-05T14:08:51Z" description="Runs Cucumber Feature" data-provider="features" finished-at="2021-02-05T14:09:47Z">
          <params>
            <param index="0">
              <value>
                <![CDATA[KiwiSaver projected balance with KiwiSaver Retirement Calculator]]>
              </value>
            </param>
          </params>
          <reporter-output>
          </reporter-output>
        </test-method> <!-- feature -->
        <test-method status="PASS" signature="tearDownClass()[pri:0, instance:cucumberOptions.TestRunner@5d20e46]" name="tearDownClass" is-config="true" duration-ms="9" started-at="2021-02-05T14:09:47Z" finished-at="2021-02-05T14:09:47Z">
          <reporter-output>
          </reporter-output>
        </test-method> <!-- tearDownClass -->
      </class> <!-- cucumberOptions.TestRunner -->
    </test> <!-- Information icon for Current Age and KiwiSaver Retirement Projected Balance -->
  </suite> <!-- Westpac Automation TestSuite -->
</testng-results>
