<?xml version="1.0" encoding="UTF-8"?>
<testng-results skipped="0" failed="0" total="2" passed="2">
  <reporter-output>
  </reporter-output>
  <suite name="Westpac Automation TestSuite" duration-ms="61229" started-at="2021-02-05T07:45:50Z" finished-at="2021-02-05T07:46:51Z">
    <groups>
      <group name="cucumber">
        <method signature="AbstractTestNGCucumberTests.feature(cucumber.api.testng.CucumberFeatureWrapper)[pri:0, instance:cucumberOptions.TestRunner@13acb0d1]" name="feature" class="cucumber.api.testng.AbstractTestNGCucumberTests"/>
      </group> <!-- cucumber -->
    </groups>
    <test name="Information icon for Current Age and KiwiSaver Retirement Projected Balance" duration-ms="61229" started-at="2021-02-05T07:45:50Z" finished-at="2021-02-05T07:46:51Z">
      <class name="cucumberOptions.TestRunner">
        <test-method status="PASS" signature="setUpClass()[pri:0, instance:cucumberOptions.TestRunner@13acb0d1]" name="setUpClass" is-config="true" duration-ms="314" started-at="2021-02-05T20:45:50Z" finished-at="2021-02-05T20:45:50Z">
          <reporter-output>
          </reporter-output>
        </test-method> <!-- setUpClass -->
        <test-method status="PASS" signature="feature(cucumber.api.testng.CucumberFeatureWrapper)[pri:0, instance:cucumberOptions.TestRunner@13acb0d1]" name="feature" duration-ms="15802" started-at="2021-02-05T20:45:50Z" description="Runs Cucumber Feature" data-provider="features" finished-at="2021-02-05T20:46:06Z">
          <params>
            <param index="0">
              <value>
                <![CDATA[KiwiSaver Retirement Calculator fields information icon]]>
              </value>
            </param>
          </params>
          <reporter-output>
          </reporter-output>
        </test-method> <!-- feature -->
        <test-method status="PASS" signature="feature(cucumber.api.testng.CucumberFeatureWrapper)[pri:0, instance:cucumberOptions.TestRunner@13acb0d1]" name="feature" duration-ms="44893" started-at="2021-02-05T20:46:06Z" description="Runs Cucumber Feature" data-provider="features" finished-at="2021-02-05T20:46:51Z">
          <params>
            <param index="0">
              <value>
                <![CDATA[KiwiSaver projected balance with KiwiSaver Retirement Calculator]]>
              </value>
            </param>
          </params>
          <reporter-output>
          </reporter-output>
        </test-method> <!-- feature -->
        <test-method status="PASS" signature="tearDownClass()[pri:0, instance:cucumberOptions.TestRunner@13acb0d1]" name="tearDownClass" is-config="true" duration-ms="10" started-at="2021-02-05T20:46:51Z" finished-at="2021-02-05T20:46:51Z">
          <reporter-output>
          </reporter-output>
        </test-method> <!-- tearDownClass -->
      </class> <!-- cucumberOptions.TestRunner -->
    </test> <!-- Information icon for Current Age and KiwiSaver Retirement Projected Balance -->
  </suite> <!-- Westpac Automation TestSuite -->
</testng-results>
